{
  "/Users/nhulea/www/tag/src/styles/css-utils.js": {
    "path": "/Users/nhulea/www/tag/src/styles/css-utils.js",
    "statementMap": {
      "0": {
        "start": {
          "line": 4,
          "column": 20
        },
        "end": {
          "line": 4,
          "column": 41
        }
      },
      "1": {
        "start": {
          "line": 5,
          "column": 14
        },
        "end": {
          "line": 5,
          "column": 55
        }
      },
      "2": {
        "start": {
          "line": 7,
          "column": 28
        },
        "end": {
          "line": 10,
          "column": 6
        }
      },
      "3": {
        "start": {
          "line": 8,
          "column": 2
        },
        "end": {
          "line": 8,
          "column": 48
        }
      },
      "4": {
        "start": {
          "line": 9,
          "column": 2
        },
        "end": {
          "line": 9,
          "column": 13
        }
      },
      "5": {
        "start": {
          "line": 12,
          "column": 29
        },
        "end": {
          "line": 15,
          "column": 6
        }
      },
      "6": {
        "start": {
          "line": 13,
          "column": 2
        },
        "end": {
          "line": 13,
          "column": 21
        }
      },
      "7": {
        "start": {
          "line": 14,
          "column": 2
        },
        "end": {
          "line": 14,
          "column": 13
        }
      },
      "8": {
        "start": {
          "line": 18,
          "column": 21
        },
        "end": {
          "line": 22,
          "column": 1
        }
      },
      "9": {
        "start": {
          "line": 24,
          "column": 23
        },
        "end": {
          "line": 31,
          "column": 1
        }
      },
      "10": {
        "start": {
          "line": 34,
          "column": 22
        },
        "end": {
          "line": 55,
          "column": 1
        }
      }
    },
    "fnMap": {
      "0": {
        "name": "(anonymous_0)",
        "decl": {
          "start": {
            "line": 7,
            "column": 47
          },
          "end": {
            "line": 7,
            "column": 48
          }
        },
        "loc": {
          "start": {
            "line": 7,
            "column": 63
          },
          "end": {
            "line": 10,
            "column": 1
          }
        },
        "line": 7
      },
      "1": {
        "name": "(anonymous_1)",
        "decl": {
          "start": {
            "line": 12,
            "column": 48
          },
          "end": {
            "line": 12,
            "column": 49
          }
        },
        "loc": {
          "start": {
            "line": 12,
            "column": 64
          },
          "end": {
            "line": 15,
            "column": 1
          }
        },
        "line": 12
      }
    },
    "branchMap": {},
    "s": {
      "0": 40,
      "1": 40,
      "2": 40,
      "3": 160,
      "4": 160,
      "5": 40,
      "6": 160,
      "7": 160,
      "8": 40,
      "9": 40,
      "10": 40
    },
    "f": {
      "0": 160,
      "1": 160
    },
    "b": {},
    "_coverageSchema": "1a1c01bbd47fc00a2c39e90264f33305004495a9",
    "hash": "78950931abdde8b2e7b2515ea4df7e09ba90a84c"
  },
  "/Users/nhulea/www/tag/src/styles/globalStyles.js": {
    "path": "/Users/nhulea/www/tag/src/styles/globalStyles.js",
    "statementMap": {
      "0": {
        "start": {
          "line": 7,
          "column": 28
        },
        "end": {
          "line": 654,
          "column": 1
        }
      }
    },
    "fnMap": {},
    "branchMap": {},
    "s": {
      "0": 40
    },
    "f": {},
    "b": {},
    "_coverageSchema": "1a1c01bbd47fc00a2c39e90264f33305004495a9",
    "hash": "070197bb41c7c3665e28fe69c4018fafeedfb039"
  },
  "/Users/nhulea/www/tag/src/styles/custom-css.js": {
    "path": "/Users/nhulea/www/tag/src/styles/custom-css.js",
    "statementMap": {
      "0": {
        "start": {
          "line": 9,
          "column": 19
        },
        "end": {
          "line": 9,
          "column": 47
        }
      },
      "1": {
        "start": {
          "line": 10,
          "column": 19
        },
        "end": {
          "line": 10,
          "column": 64
        }
      },
      "2": {
        "start": {
          "line": 12,
          "column": 26
        },
        "end": {
          "line": 15,
          "column": 6
        }
      },
      "3": {
        "start": {
          "line": 13,
          "column": 2
        },
        "end": {
          "line": 13,
          "column": 36
        }
      },
      "4": {
        "start": {
          "line": 14,
          "column": 2
        },
        "end": {
          "line": 14,
          "column": 13
        }
      },
      "5": {
        "start": {
          "line": 17,
          "column": 25
        },
        "end": {
          "line": 26,
          "column": 6
        }
      },
      "6": {
        "start": {
          "line": 18,
          "column": 2
        },
        "end": {
          "line": 24,
          "column": 4
        }
      },
      "7": {
        "start": {
          "line": 25,
          "column": 2
        },
        "end": {
          "line": 25,
          "column": 13
        }
      },
      "8": {
        "start": {
          "line": 28,
          "column": 25
        },
        "end": {
          "line": 82,
          "column": 1
        }
      },
      "9": {
        "start": {
          "line": 85,
          "column": 20
        },
        "end": {
          "line": 98,
          "column": 1
        }
      },
      "10": {
        "start": {
          "line": 100,
          "column": 19
        },
        "end": {
          "line": 111,
          "column": 1
        }
      },
      "11": {
        "start": {
          "line": 113,
          "column": 29
        },
        "end": {
          "line": 127,
          "column": 1
        }
      },
      "12": {
        "start": {
          "line": 129,
          "column": 25
        },
        "end": {
          "line": 136,
          "column": 1
        }
      },
      "13": {
        "start": {
          "line": 138,
          "column": 31
        },
        "end": {
          "line": 145,
          "column": 1
        }
      },
      "14": {
        "start": {
          "line": 147,
          "column": 23
        },
        "end": {
          "line": 161,
          "column": 1
        }
      },
      "15": {
        "start": {
          "line": 163,
          "column": 22
        },
        "end": {
          "line": 173,
          "column": 1
        }
      },
      "16": {
        "start": {
          "line": 175,
          "column": 32
        },
        "end": {
          "line": 197,
          "column": 1
        }
      },
      "17": {
        "start": {
          "line": 199,
          "column": 27
        },
        "end": {
          "line": 247,
          "column": 1
        }
      },
      "18": {
        "start": {
          "line": 249,
          "column": 20
        },
        "end": {
          "line": 294,
          "column": 1
        }
      }
    },
    "fnMap": {
      "0": {
        "name": "(anonymous_0)",
        "decl": {
          "start": {
            "line": 12,
            "column": 44
          },
          "end": {
            "line": 12,
            "column": 45
          }
        },
        "loc": {
          "start": {
            "line": 12,
            "column": 63
          },
          "end": {
            "line": 15,
            "column": 1
          }
        },
        "line": 12
      },
      "1": {
        "name": "(anonymous_1)",
        "decl": {
          "start": {
            "line": 17,
            "column": 43
          },
          "end": {
            "line": 17,
            "column": 44
          }
        },
        "loc": {
          "start": {
            "line": 17,
            "column": 58
          },
          "end": {
            "line": 26,
            "column": 1
          }
        },
        "line": 17
      }
    },
    "branchMap": {},
    "s": {
      "0": 40,
      "1": 40,
      "2": 40,
      "3": 200,
      "4": 200,
      "5": 40,
      "6": 200,
      "7": 200,
      "8": 40,
      "9": 40,
      "10": 40,
      "11": 40,
      "12": 40,
      "13": 40,
      "14": 40,
      "15": 40,
      "16": 40,
      "17": 40,
      "18": 40
    },
    "f": {
      "0": 200,
      "1": 200
    },
    "b": {},
    "_coverageSchema": "1a1c01bbd47fc00a2c39e90264f33305004495a9",
    "hash": "c798cde622002f1d25ddf7d2a0167b5aa0d3356d"
  },
  "/Users/nhulea/www/tag/src/styles/index.js": {
    "path": "/Users/nhulea/www/tag/src/styles/index.js",
    "statementMap": {},
    "fnMap": {},
    "branchMap": {},
    "s": {},
    "f": {},
    "b": {},
    "_coverageSchema": "1a1c01bbd47fc00a2c39e90264f33305004495a9",
    "hash": "c3d868fd6eafbdbd4c21e9706e8a924e6807dd96"
  },
  "/Users/nhulea/www/tag/src/hooks/useWindow.js": {
    "path": "/Users/nhulea/www/tag/src/hooks/useWindow.js",
    "statementMap": {
      "0": {
        "start": {
          "line": 4,
          "column": 38
        },
        "end": {
          "line": 11,
          "column": 4
        }
      },
      "1": {
        "start": {
          "line": 5,
          "column": 4
        },
        "end": {
          "line": 10,
          "column": 6
        }
      },
      "2": {
        "start": {
          "line": 13,
          "column": 2
        },
        "end": {
          "line": 26,
          "column": 5
        }
      },
      "3": {
        "start": {
          "line": 14,
          "column": 21
        },
        "end": {
          "line": 19,
          "column": 8
        }
      },
      "4": {
        "start": {
          "line": 15,
          "column": 6
        },
        "end": {
          "line": 19,
          "column": 8
        }
      },
      "5": {
        "start": {
          "line": 20,
          "column": 4
        },
        "end": {
          "line": 22,
          "column": 5
        }
      },
      "6": {
        "start": {
          "line": 21,
          "column": 6
        },
        "end": {
          "line": 21,
          "column": 50
        }
      },
      "7": {
        "start": {
          "line": 23,
          "column": 4
        },
        "end": {
          "line": 25,
          "column": 53
        }
      },
      "8": {
        "start": {
          "line": 24,
          "column": 6
        },
        "end": {
          "line": 25,
          "column": 52
        }
      },
      "9": {
        "start": {
          "line": 28,
          "column": 2
        },
        "end": {
          "line": 28,
          "column": 20
        }
      }
    },
    "fnMap": {
      "0": {
        "name": "(anonymous_0)",
        "decl": {
          "start": {
            "line": 3,
            "column": 15
          },
          "end": {
            "line": 3,
            "column": 16
          }
        },
        "loc": {
          "start": {
            "line": 3,
            "column": 21
          },
          "end": {
            "line": 29,
            "column": 1
          }
        },
        "line": 3
      },
      "1": {
        "name": "(anonymous_1)",
        "decl": {
          "start": {
            "line": 4,
            "column": 47
          },
          "end": {
            "line": 4,
            "column": 48
          }
        },
        "loc": {
          "start": {
            "line": 4,
            "column": 53
          },
          "end": {
            "line": 11,
            "column": 3
          }
        },
        "line": 4
      },
      "2": {
        "name": "(anonymous_2)",
        "decl": {
          "start": {
            "line": 13,
            "column": 12
          },
          "end": {
            "line": 13,
            "column": 13
          }
        },
        "loc": {
          "start": {
            "line": 13,
            "column": 18
          },
          "end": {
            "line": 26,
            "column": 3
          }
        },
        "line": 13
      },
      "3": {
        "name": "(anonymous_3)",
        "decl": {
          "start": {
            "line": 14,
            "column": 21
          },
          "end": {
            "line": 14,
            "column": 22
          }
        },
        "loc": {
          "start": {
            "line": 15,
            "column": 6
          },
          "end": {
            "line": 19,
            "column": 8
          }
        },
        "line": 15
      },
      "4": {
        "name": "(anonymous_4)",
        "decl": {
          "start": {
            "line": 23,
            "column": 11
          },
          "end": {
            "line": 23,
            "column": 12
          }
        },
        "loc": {
          "start": {
            "line": 24,
            "column": 6
          },
          "end": {
            "line": 25,
            "column": 52
          }
        },
        "line": 24
      }
    },
    "branchMap": {
      "0": {
        "loc": {
          "start": {
            "line": 6,
            "column": 6
          },
          "end": {
            "line": 9,
            "column": 7
          }
        },
        "type": "binary-expr",
        "locations": [
          {
            "start": {
              "line": 6,
              "column": 6
            },
            "end": {
              "line": 6,
              "column": 35
            }
          },
          {
            "start": {
              "line": 6,
              "column": 39
            },
            "end": {
              "line": 9,
              "column": 7
            }
          }
        ],
        "line": 6
      },
      "1": {
        "loc": {
          "start": {
            "line": 15,
            "column": 6
          },
          "end": {
            "line": 19,
            "column": 8
          }
        },
        "type": "binary-expr",
        "locations": [
          {
            "start": {
              "line": 15,
              "column": 6
            },
            "end": {
              "line": 15,
              "column": 35
            }
          },
          {
            "start": {
              "line": 16,
              "column": 6
            },
            "end": {
              "line": 19,
              "column": 8
            }
          }
        ],
        "line": 15
      },
      "2": {
        "loc": {
          "start": {
            "line": 20,
            "column": 4
          },
          "end": {
            "line": 22,
            "column": 5
          }
        },
        "type": "if",
        "locations": [
          {
            "start": {
              "line": 20,
              "column": 4
            },
            "end": {
              "line": 22,
              "column": 5
            }
          },
          {
            "start": {
              "line": 20,
              "column": 4
            },
            "end": {
              "line": 22,
              "column": 5
            }
          }
        ],
        "line": 20
      },
      "3": {
        "loc": {
          "start": {
            "line": 24,
            "column": 6
          },
          "end": {
            "line": 25,
            "column": 52
          }
        },
        "type": "binary-expr",
        "locations": [
          {
            "start": {
              "line": 24,
              "column": 6
            },
            "end": {
              "line": 24,
              "column": 35
            }
          },
          {
            "start": {
              "line": 25,
              "column": 6
            },
            "end": {
              "line": 25,
              "column": 52
            }
          }
        ],
        "line": 24
      }
    },
    "s": {
      "0": 480,
      "1": 171,
      "2": 480,
      "3": 480,
      "4": 0,
      "5": 480,
      "6": 480,
      "7": 480,
      "8": 395,
      "9": 480
    },
    "f": {
      "0": 480,
      "1": 171,
      "2": 480,
      "3": 0,
      "4": 395
    },
    "b": {
      "0": [171, 171],
      "1": [0, 0],
      "2": [480, 0],
      "3": [395, 395]
    },
    "_coverageSchema": "1a1c01bbd47fc00a2c39e90264f33305004495a9",
    "hash": "19e445bc64c1881b749afb061c0bf00487f0adc5"
  },
  "/Users/nhulea/www/tag/src/components/Menu/Menu.js": {
    "path": "/Users/nhulea/www/tag/src/components/Menu/Menu.js",
    "statementMap": {
      "0": {
        "start": {
          "line": 8,
          "column": 13
        },
        "end": {
          "line": 370,
          "column": 1
        }
      },
      "1": {
        "start": {
          "line": 9,
          "column": 21
        },
        "end": {
          "line": 29,
          "column": 3
        }
      },
      "2": {
        "start": {
          "line": 31,
          "column": 23
        },
        "end": {
          "line": 33,
          "column": 3
        }
      },
      "3": {
        "start": {
          "line": 35,
          "column": 23
        },
        "end": {
          "line": 37,
          "column": 3
        }
      },
      "4": {
        "start": {
          "line": 39,
          "column": 23
        },
        "end": {
          "line": 41,
          "column": 3
        }
      },
      "5": {
        "start": {
          "line": 43,
          "column": 23
        },
        "end": {
          "line": 45,
          "column": 3
        }
      },
      "6": {
        "start": {
          "line": 47,
          "column": 23
        },
        "end": {
          "line": 49,
          "column": 3
        }
      },
      "7": {
        "start": {
          "line": 51,
          "column": 23
        },
        "end": {
          "line": 53,
          "column": 3
        }
      },
      "8": {
        "start": {
          "line": 55,
          "column": 23
        },
        "end": {
          "line": 57,
          "column": 3
        }
      },
      "9": {
        "start": {
          "line": 59,
          "column": 23
        },
        "end": {
          "line": 61,
          "column": 3
        }
      },
      "10": {
        "start": {
          "line": 63,
          "column": 23
        },
        "end": {
          "line": 65,
          "column": 3
        }
      },
      "11": {
        "start": {
          "line": 67,
          "column": 24
        },
        "end": {
          "line": 71,
          "column": 3
        }
      },
      "12": {
        "start": {
          "line": 73,
          "column": 24
        },
        "end": {
          "line": 77,
          "column": 3
        }
      },
      "13": {
        "start": {
          "line": 79,
          "column": 24
        },
        "end": {
          "line": 83,
          "column": 3
        }
      },
      "14": {
        "start": {
          "line": 85,
          "column": 24
        },
        "end": {
          "line": 89,
          "column": 3
        }
      },
      "15": {
        "start": {
          "line": 91,
          "column": 24
        },
        "end": {
          "line": 95,
          "column": 3
        }
      },
      "16": {
        "start": {
          "line": 97,
          "column": 25
        },
        "end": {
          "line": 108,
          "column": 3
        }
      },
      "17": {
        "start": {
          "line": 110,
          "column": 27
        },
        "end": {
          "line": 118,
          "column": 3
        }
      },
      "18": {
        "start": {
          "line": 120,
          "column": 29
        },
        "end": {
          "line": 128,
          "column": 3
        }
      },
      "19": {
        "start": {
          "line": 130,
          "column": 23
        },
        "end": {
          "line": 134,
          "column": 3
        }
      },
      "20": {
        "start": {
          "line": 136,
          "column": 30
        },
        "end": {
          "line": 144,
          "column": 3
        }
      },
      "21": {
        "start": {
          "line": 146,
          "column": 32
        },
        "end": {
          "line": 148,
          "column": 3
        }
      },
      "22": {
        "start": {
          "line": 150,
          "column": 29
        },
        "end": {
          "line": 164,
          "column": 3
        }
      },
      "23": {
        "start": {
          "line": 166,
          "column": 23
        },
        "end": {
          "line": 178,
          "column": 3
        }
      },
      "24": {
        "start": {
          "line": 180,
          "column": 2
        },
        "end": {
          "line": 369,
          "column": 4
        }
      },
      "25": {
        "start": {
          "line": 224,
          "column": 27
        },
        "end": {
          "line": 224,
          "column": 39
        }
      },
      "26": {
        "start": {
          "line": 244,
          "column": 27
        },
        "end": {
          "line": 244,
          "column": 39
        }
      },
      "27": {
        "start": {
          "line": 257,
          "column": 27
        },
        "end": {
          "line": 257,
          "column": 39
        }
      },
      "28": {
        "start": {
          "line": 274,
          "column": 27
        },
        "end": {
          "line": 274,
          "column": 39
        }
      },
      "29": {
        "start": {
          "line": 287,
          "column": 27
        },
        "end": {
          "line": 287,
          "column": 39
        }
      },
      "30": {
        "start": {
          "line": 300,
          "column": 27
        },
        "end": {
          "line": 300,
          "column": 39
        }
      },
      "31": {
        "start": {
          "line": 321,
          "column": 29
        },
        "end": {
          "line": 321,
          "column": 41
        }
      },
      "32": {
        "start": {
          "line": 334,
          "column": 29
        },
        "end": {
          "line": 334,
          "column": 41
        }
      },
      "33": {
        "start": {
          "line": 347,
          "column": 29
        },
        "end": {
          "line": 347,
          "column": 41
        }
      },
      "34": {
        "start": {
          "line": 360,
          "column": 29
        },
        "end": {
          "line": 360,
          "column": 41
        }
      },
      "35": {
        "start": {
          "line": 372,
          "column": 0
        },
        "end": {
          "line": 375,
          "column": 2
        }
      }
    },
    "fnMap": {
      "0": {
        "name": "(anonymous_0)",
        "decl": {
          "start": {
            "line": 8,
            "column": 13
          },
          "end": {
            "line": 8,
            "column": 14
          }
        },
        "loc": {
          "start": {
            "line": 8,
            "column": 43
          },
          "end": {
            "line": 370,
            "column": 1
          }
        },
        "line": 8
      },
      "1": {
        "name": "(anonymous_1)",
        "decl": {
          "start": {
            "line": 224,
            "column": 21
          },
          "end": {
            "line": 224,
            "column": 22
          }
        },
        "loc": {
          "start": {
            "line": 224,
            "column": 27
          },
          "end": {
            "line": 224,
            "column": 39
          }
        },
        "line": 224
      },
      "2": {
        "name": "(anonymous_2)",
        "decl": {
          "start": {
            "line": 244,
            "column": 21
          },
          "end": {
            "line": 244,
            "column": 22
          }
        },
        "loc": {
          "start": {
            "line": 244,
            "column": 27
          },
          "end": {
            "line": 244,
            "column": 39
          }
        },
        "line": 244
      },
      "3": {
        "name": "(anonymous_3)",
        "decl": {
          "start": {
            "line": 257,
            "column": 21
          },
          "end": {
            "line": 257,
            "column": 22
          }
        },
        "loc": {
          "start": {
            "line": 257,
            "column": 27
          },
          "end": {
            "line": 257,
            "column": 39
          }
        },
        "line": 257
      },
      "4": {
        "name": "(anonymous_4)",
        "decl": {
          "start": {
            "line": 274,
            "column": 21
          },
          "end": {
            "line": 274,
            "column": 22
          }
        },
        "loc": {
          "start": {
            "line": 274,
            "column": 27
          },
          "end": {
            "line": 274,
            "column": 39
          }
        },
        "line": 274
      },
      "5": {
        "name": "(anonymous_5)",
        "decl": {
          "start": {
            "line": 287,
            "column": 21
          },
          "end": {
            "line": 287,
            "column": 22
          }
        },
        "loc": {
          "start": {
            "line": 287,
            "column": 27
          },
          "end": {
            "line": 287,
            "column": 39
          }
        },
        "line": 287
      },
      "6": {
        "name": "(anonymous_6)",
        "decl": {
          "start": {
            "line": 300,
            "column": 21
          },
          "end": {
            "line": 300,
            "column": 22
          }
        },
        "loc": {
          "start": {
            "line": 300,
            "column": 27
          },
          "end": {
            "line": 300,
            "column": 39
          }
        },
        "line": 300
      },
      "7": {
        "name": "(anonymous_7)",
        "decl": {
          "start": {
            "line": 321,
            "column": 23
          },
          "end": {
            "line": 321,
            "column": 24
          }
        },
        "loc": {
          "start": {
            "line": 321,
            "column": 29
          },
          "end": {
            "line": 321,
            "column": 41
          }
        },
        "line": 321
      },
      "8": {
        "name": "(anonymous_8)",
        "decl": {
          "start": {
            "line": 334,
            "column": 23
          },
          "end": {
            "line": 334,
            "column": 24
          }
        },
        "loc": {
          "start": {
            "line": 334,
            "column": 29
          },
          "end": {
            "line": 334,
            "column": 41
          }
        },
        "line": 334
      },
      "9": {
        "name": "(anonymous_9)",
        "decl": {
          "start": {
            "line": 347,
            "column": 23
          },
          "end": {
            "line": 347,
            "column": 24
          }
        },
        "loc": {
          "start": {
            "line": 347,
            "column": 29
          },
          "end": {
            "line": 347,
            "column": 41
          }
        },
        "line": 347
      },
      "10": {
        "name": "(anonymous_10)",
        "decl": {
          "start": {
            "line": 360,
            "column": 23
          },
          "end": {
            "line": 360,
            "column": 24
          }
        },
        "loc": {
          "start": {
            "line": 360,
            "column": 29
          },
          "end": {
            "line": 360,
            "column": 41
          }
        },
        "line": 360
      }
    },
    "branchMap": {
      "0": {
        "loc": {
          "start": {
            "line": 11,
            "column": 15
          },
          "end": {
            "line": 11,
            "column": 35
          }
        },
        "type": "cond-expr",
        "locations": [
          {
            "start": {
              "line": 11,
              "column": 26
            },
            "end": {
              "line": 11,
              "column": 29
            }
          },
          {
            "start": {
              "line": 11,
              "column": 32
            },
            "end": {
              "line": 11,
              "column": 35
            }
          }
        ],
        "line": 11
      },
      "1": {
        "loc": {
          "start": {
            "line": 12,
            "column": 28
          },
          "end": {
            "line": 12,
            "column": 50
          }
        },
        "type": "cond-expr",
        "locations": [
          {
            "start": {
              "line": 12,
              "column": 39
            },
            "end": {
              "line": 12,
              "column": 42
            }
          },
          {
            "start": {
              "line": 12,
              "column": 45
            },
            "end": {
              "line": 12,
              "column": 50
            }
          }
        ],
        "line": 12
      },
      "2": {
        "loc": {
          "start": {
            "line": 27,
            "column": 16
          },
          "end": {
            "line": 27,
            "column": 39
          }
        },
        "type": "cond-expr",
        "locations": [
          {
            "start": {
              "line": 27,
              "column": 27
            },
            "end": {
              "line": 27,
              "column": 30
            }
          },
          {
            "start": {
              "line": 27,
              "column": 33
            },
            "end": {
              "line": 27,
              "column": 39
            }
          }
        ],
        "line": 27
      },
      "3": {
        "loc": {
          "start": {
            "line": 191,
            "column": 15
          },
          "end": {
            "line": 191,
            "column": 39
          }
        },
        "type": "cond-expr",
        "locations": [
          {
            "start": {
              "line": 191,
              "column": 26
            },
            "end": {
              "line": 191,
              "column": 29
            }
          },
          {
            "start": {
              "line": 191,
              "column": 32
            },
            "end": {
              "line": 191,
              "column": 39
            }
          }
        ],
        "line": 191
      },
      "4": {
        "loc": {
          "start": {
            "line": 194,
            "column": 18
          },
          "end": {
            "line": 194,
            "column": 41
          }
        },
        "type": "cond-expr",
        "locations": [
          {
            "start": {
              "line": 194,
              "column": 29
            },
            "end": {
              "line": 194,
              "column": 35
            }
          },
          {
            "start": {
              "line": 194,
              "column": 38
            },
            "end": {
              "line": 194,
              "column": 41
            }
          }
        ],
        "line": 194
      },
      "5": {
        "loc": {
          "start": {
            "line": 195,
            "column": 22
          },
          "end": {
            "line": 195,
            "column": 46
          }
        },
        "type": "cond-expr",
        "locations": [
          {
            "start": {
              "line": 195,
              "column": 33
            },
            "end": {
              "line": 195,
              "column": 40
            }
          },
          {
            "start": {
              "line": 195,
              "column": 43
            },
            "end": {
              "line": 195,
              "column": 46
            }
          }
        ],
        "line": 195
      },
      "6": {
        "loc": {
          "start": {
            "line": 200,
            "column": 20
          },
          "end": {
            "line": 200,
            "column": 44
          }
        },
        "type": "cond-expr",
        "locations": [
          {
            "start": {
              "line": 200,
              "column": 31
            },
            "end": {
              "line": 200,
              "column": 38
            }
          },
          {
            "start": {
              "line": 200,
              "column": 41
            },
            "end": {
              "line": 200,
              "column": 44
            }
          }
        ],
        "line": 200
      }
    },
    "s": {
      "0": 40,
      "1": 272,
      "2": 272,
      "3": 272,
      "4": 272,
      "5": 272,
      "6": 272,
      "7": 272,
      "8": 272,
      "9": 272,
      "10": 272,
      "11": 272,
      "12": 272,
      "13": 272,
      "14": 272,
      "15": 272,
      "16": 272,
      "17": 272,
      "18": 272,
      "19": 272,
      "20": 272,
      "21": 272,
      "22": 272,
      "23": 272,
      "24": 272,
      "25": 10,
      "26": 9,
      "27": 0,
      "28": 7,
      "29": 6,
      "30": 5,
      "31": 4,
      "32": 2,
      "33": 3,
      "34": 1,
      "35": 40
    },
    "f": {
      "0": 272,
      "1": 10,
      "2": 9,
      "3": 0,
      "4": 7,
      "5": 6,
      "6": 5,
      "7": 4,
      "8": 2,
      "9": 3,
      "10": 1
    },
    "b": {
      "0": [75, 197],
      "1": [75, 197],
      "2": [75, 197],
      "3": [75, 197],
      "4": [75, 197],
      "5": [75, 197],
      "6": [75, 197]
    },
    "_coverageSchema": "1a1c01bbd47fc00a2c39e90264f33305004495a9",
    "hash": "006ddfaa2df67a1d198fa1be10ec41a874ab31af"
  },
  "/Users/nhulea/www/tag/src/components/Menu/index.js": {
    "path": "/Users/nhulea/www/tag/src/components/Menu/index.js",
    "statementMap": {},
    "fnMap": {},
    "branchMap": {},
    "s": {},
    "f": {},
    "b": {},
    "_coverageSchema": "1a1c01bbd47fc00a2c39e90264f33305004495a9",
    "hash": "28a3bfd992e7f7ac0d1bffc54d9aafdb2dcf91d8"
  },
  "/Users/nhulea/www/tag/src/components/TopNav/svg/TagLogo.js": {
    "path": "/Users/nhulea/www/tag/src/components/TopNav/svg/TagLogo.js",
    "statementMap": {
      "0": {
        "start": {
          "line": 3,
          "column": 16
        },
        "end": {
          "line": 8,
          "column": 1
        }
      },
      "1": {
        "start": {
          "line": 4,
          "column": 2
        },
        "end": {
          "line": 7,
          "column": 8
        }
      }
    },
    "fnMap": {
      "0": {
        "name": "(anonymous_0)",
        "decl": {
          "start": {
            "line": 3,
            "column": 16
          },
          "end": {
            "line": 3,
            "column": 17
          }
        },
        "loc": {
          "start": {
            "line": 4,
            "column": 2
          },
          "end": {
            "line": 7,
            "column": 8
          }
        },
        "line": 4
      }
    },
    "branchMap": {},
    "s": {
      "0": 40,
      "1": 6
    },
    "f": {
      "0": 6
    },
    "b": {},
    "_coverageSchema": "1a1c01bbd47fc00a2c39e90264f33305004495a9",
    "hash": "cd8e8396fbac0f08b4217d10729b3c9814b67094"
  },
  "/Users/nhulea/www/tag/src/components/TopNav/svg/ThirdAndGrove.js": {
    "path": "/Users/nhulea/www/tag/src/components/TopNav/svg/ThirdAndGrove.js",
    "statementMap": {
      "0": {
        "start": {
          "line": 3,
          "column": 22
        },
        "end": {
          "line": 8,
          "column": 1
        }
      },
      "1": {
        "start": {
          "line": 4,
          "column": 2
        },
        "end": {
          "line": 7,
          "column": 8
        }
      }
    },
    "fnMap": {
      "0": {
        "name": "(anonymous_0)",
        "decl": {
          "start": {
            "line": 3,
            "column": 22
          },
          "end": {
            "line": 3,
            "column": 23
          }
        },
        "loc": {
          "start": {
            "line": 4,
            "column": 2
          },
          "end": {
            "line": 7,
            "column": 8
          }
        },
        "line": 4
      }
    },
    "branchMap": {},
    "s": {
      "0": 40,
      "1": 278
    },
    "f": {
      "0": 278
    },
    "b": {},
    "_coverageSchema": "1a1c01bbd47fc00a2c39e90264f33305004495a9",
    "hash": "add1cbdbfe5a4d6a1bf7ba5efc5ac12e006a9593"
  },
  "/Users/nhulea/www/tag/src/components/TopNav/svg/hamburger.js": {
    "path": "/Users/nhulea/www/tag/src/components/TopNav/svg/hamburger.js",
    "statementMap": {
      "0": {
        "start": {
          "line": 5,
          "column": 18
        },
        "end": {
          "line": 44,
          "column": 1
        }
      },
      "1": {
        "start": {
          "line": 6,
          "column": 19
        },
        "end": {
          "line": 11,
          "column": 3
        }
      },
      "2": {
        "start": {
          "line": 13,
          "column": 16
        },
        "end": {
          "line": 17,
          "column": 3
        }
      },
      "3": {
        "start": {
          "line": 19,
          "column": 16
        },
        "end": {
          "line": 21,
          "column": 3
        }
      },
      "4": {
        "start": {
          "line": 23,
          "column": 16
        },
        "end": {
          "line": 27,
          "column": 3
        }
      },
      "5": {
        "start": {
          "line": 29,
          "column": 2
        },
        "end": {
          "line": 43,
          "column": 4
        }
      },
      "6": {
        "start": {
          "line": 46,
          "column": 0
        },
        "end": {
          "line": 49,
          "column": 2
        }
      }
    },
    "fnMap": {
      "0": {
        "name": "(anonymous_0)",
        "decl": {
          "start": {
            "line": 5,
            "column": 18
          },
          "end": {
            "line": 5,
            "column": 19
          }
        },
        "loc": {
          "start": {
            "line": 5,
            "column": 40
          },
          "end": {
            "line": 44,
            "column": 1
          }
        },
        "line": 5
      }
    },
    "branchMap": {
      "0": {
        "loc": {
          "start": {
            "line": 14,
            "column": 17
          },
          "end": {
            "line": 16,
            "column": 33
          }
        },
        "type": "cond-expr",
        "locations": [
          {
            "start": {
              "line": 15,
              "column": 8
            },
            "end": {
              "line": 15,
              "column": 41
            }
          },
          {
            "start": {
              "line": 16,
              "column": 8
            },
            "end": {
              "line": 16,
              "column": 33
            }
          }
        ],
        "line": 14
      },
      "1": {
        "loc": {
          "start": {
            "line": 20,
            "column": 17
          },
          "end": {
            "line": 20,
            "column": 51
          }
        },
        "type": "cond-expr",
        "locations": [
          {
            "start": {
              "line": 20,
              "column": 26
            },
            "end": {
              "line": 20,
              "column": 37
            }
          },
          {
            "start": {
              "line": 20,
              "column": 40
            },
            "end": {
              "line": 20,
              "column": 51
            }
          }
        ],
        "line": 20
      },
      "2": {
        "loc": {
          "start": {
            "line": 24,
            "column": 17
          },
          "end": {
            "line": 26,
            "column": 36
          }
        },
        "type": "cond-expr",
        "locations": [
          {
            "start": {
              "line": 25,
              "column": 8
            },
            "end": {
              "line": 25,
              "column": 41
            }
          },
          {
            "start": {
              "line": 26,
              "column": 8
            },
            "end": {
              "line": 26,
              "column": 36
            }
          }
        ],
        "line": 24
      }
    },
    "s": {
      "0": 40,
      "1": 272,
      "2": 272,
      "3": 272,
      "4": 272,
      "5": 272,
      "6": 40
    },
    "f": {
      "0": 272
    },
    "b": {
      "0": [75, 197],
      "1": [75, 197],
      "2": [75, 197]
    },
    "_coverageSchema": "1a1c01bbd47fc00a2c39e90264f33305004495a9",
    "hash": "e2add6803026b5f1be578cf819a59f8dab9a31d3"
  },
  "/Users/nhulea/www/tag/src/components/TopNav/TopNav.js": {
    "path": "/Users/nhulea/www/tag/src/components/TopNav/TopNav.js",
    "statementMap": {
      "0": {
        "start": {
          "line": 14,
          "column": 15
        },
        "end": {
          "line": 249,
          "column": 1
        }
      },
      "1": {
        "start": {
          "line": 15,
          "column": 28
        },
        "end": {
          "line": 15,
          "column": 43
        }
      },
      "2": {
        "start": {
          "line": 16,
          "column": 21
        },
        "end": {
          "line": 16,
          "column": 43
        }
      },
      "3": {
        "start": {
          "line": 16,
          "column": 27
        },
        "end": {
          "line": 16,
          "column": 43
        }
      },
      "4": {
        "start": {
          "line": 17,
          "column": 38
        },
        "end": {
          "line": 17,
          "column": 53
        }
      },
      "5": {
        "start": {
          "line": 18,
          "column": 27
        },
        "end": {
          "line": 18,
          "column": 59
        }
      },
      "6": {
        "start": {
          "line": 18,
          "column": 33
        },
        "end": {
          "line": 18,
          "column": 59
        }
      },
      "7": {
        "start": {
          "line": 19,
          "column": 28
        },
        "end": {
          "line": 19,
          "column": 43
        }
      },
      "8": {
        "start": {
          "line": 20,
          "column": 20
        },
        "end": {
          "line": 20,
          "column": 31
        }
      },
      "9": {
        "start": {
          "line": 22,
          "column": 2
        },
        "end": {
          "line": 24,
          "column": 9
        }
      },
      "10": {
        "start": {
          "line": 23,
          "column": 4
        },
        "end": {
          "line": 23,
          "column": 49
        }
      },
      "11": {
        "start": {
          "line": 26,
          "column": 2
        },
        "end": {
          "line": 248,
          "column": 4
        }
      },
      "12": {
        "start": {
          "line": 117,
          "column": 29
        },
        "end": {
          "line": 117,
          "column": 41
        }
      },
      "13": {
        "start": {
          "line": 237,
          "column": 31
        },
        "end": {
          "line": 237,
          "column": 49
        }
      },
      "14": {
        "start": {
          "line": 251,
          "column": 0
        },
        "end": {
          "line": 256,
          "column": 2
        }
      },
      "15": {
        "start": {
          "line": 258,
          "column": 0
        },
        "end": {
          "line": 262,
          "column": 2
        }
      }
    },
    "fnMap": {
      "0": {
        "name": "(anonymous_0)",
        "decl": {
          "start": {
            "line": 14,
            "column": 15
          },
          "end": {
            "line": 14,
            "column": 16
          }
        },
        "loc": {
          "start": {
            "line": 14,
            "column": 55
          },
          "end": {
            "line": 249,
            "column": 1
          }
        },
        "line": 14
      },
      "1": {
        "name": "(anonymous_1)",
        "decl": {
          "start": {
            "line": 16,
            "column": 21
          },
          "end": {
            "line": 16,
            "column": 22
          }
        },
        "loc": {
          "start": {
            "line": 16,
            "column": 27
          },
          "end": {
            "line": 16,
            "column": 43
          }
        },
        "line": 16
      },
      "2": {
        "name": "(anonymous_2)",
        "decl": {
          "start": {
            "line": 18,
            "column": 27
          },
          "end": {
            "line": 18,
            "column": 28
          }
        },
        "loc": {
          "start": {
            "line": 18,
            "column": 33
          },
          "end": {
            "line": 18,
            "column": 59
          }
        },
        "line": 18
      },
      "3": {
        "name": "(anonymous_3)",
        "decl": {
          "start": {
            "line": 22,
            "column": 12
          },
          "end": {
            "line": 22,
            "column": 13
          }
        },
        "loc": {
          "start": {
            "line": 22,
            "column": 18
          },
          "end": {
            "line": 24,
            "column": 3
          }
        },
        "line": 22
      },
      "4": {
        "name": "(anonymous_4)",
        "decl": {
          "start": {
            "line": 117,
            "column": 23
          },
          "end": {
            "line": 117,
            "column": 24
          }
        },
        "loc": {
          "start": {
            "line": 117,
            "column": 29
          },
          "end": {
            "line": 117,
            "column": 41
          }
        },
        "line": 117
      },
      "5": {
        "name": "(anonymous_5)",
        "decl": {
          "start": {
            "line": 237,
            "column": 25
          },
          "end": {
            "line": 237,
            "column": 26
          }
        },
        "loc": {
          "start": {
            "line": 237,
            "column": 31
          },
          "end": {
            "line": 237,
            "column": 49
          }
        },
        "line": 237
      }
    },
    "branchMap": {
      "0": {
        "loc": {
          "start": {
            "line": 28,
            "column": 7
          },
          "end": {
            "line": 57,
            "column": 7
          }
        },
        "type": "binary-expr",
        "locations": [
          {
            "start": {
              "line": 28,
              "column": 7
            },
            "end": {
              "line": 28,
              "column": 14
            }
          },
          {
            "start": {
              "line": 28,
              "column": 18
            },
            "end": {
              "line": 28,
              "column": 25
            }
          },
          {
            "start": {
              "line": 29,
              "column": 8
            },
            "end": {
              "line": 56,
              "column": 14
            }
          }
        ],
        "line": 28
      },
      "1": {
        "loc": {
          "start": {
            "line": 33,
            "column": 26
          },
          "end": {
            "line": 33,
            "column": 55
          }
        },
        "type": "cond-expr",
        "locations": [
          {
            "start": {
              "line": 33,
              "column": 35
            },
            "end": {
              "line": 33,
              "column": 42
            }
          },
          {
            "start": {
              "line": 33,
              "column": 45
            },
            "end": {
              "line": 33,
              "column": 55
            }
          }
        ],
        "line": 33
      },
      "2": {
        "loc": {
          "start": {
            "line": 53,
            "column": 22
          },
          "end": {
            "line": 53,
            "column": 54
          }
        },
        "type": "cond-expr",
        "locations": [
          {
            "start": {
              "line": 53,
              "column": 31
            },
            "end": {
              "line": 53,
              "column": 47
            }
          },
          {
            "start": {
              "line": 53,
              "column": 50
            },
            "end": {
              "line": 53,
              "column": 54
            }
          }
        ],
        "line": 53
      },
      "3": {
        "loc": {
          "start": {
            "line": 59,
            "column": 7
          },
          "end": {
            "line": 129,
            "column": 7
          }
        },
        "type": "binary-expr",
        "locations": [
          {
            "start": {
              "line": 59,
              "column": 7
            },
            "end": {
              "line": 59,
              "column": 15
            }
          },
          {
            "start": {
              "line": 59,
              "column": 19
            },
            "end": {
              "line": 59,
              "column": 26
            }
          },
          {
            "start": {
              "line": 60,
              "column": 8
            },
            "end": {
              "line": 128,
              "column": 11
            }
          }
        ],
        "line": 59
      },
      "4": {
        "loc": {
          "start": {
            "line": 66,
            "column": 28
          },
          "end": {
            "line": 66,
            "column": 57
          }
        },
        "type": "cond-expr",
        "locations": [
          {
            "start": {
              "line": 66,
              "column": 37
            },
            "end": {
              "line": 66,
              "column": 44
            }
          },
          {
            "start": {
              "line": 66,
              "column": 47
            },
            "end": {
              "line": 66,
              "column": 57
            }
          }
        ],
        "line": 66
      },
      "5": {
        "loc": {
          "start": {
            "line": 85,
            "column": 15
          },
          "end": {
            "line": 101,
            "column": 18
          }
        },
        "type": "binary-expr",
        "locations": [
          {
            "start": {
              "line": 85,
              "column": 15
            },
            "end": {
              "line": 85,
              "column": 44
            }
          },
          {
            "start": {
              "line": 86,
              "column": 17
            },
            "end": {
              "line": 101,
              "column": 17
            }
          }
        ],
        "line": 85
      },
      "6": {
        "loc": {
          "start": {
            "line": 86,
            "column": 17
          },
          "end": {
            "line": 101,
            "column": 17
          }
        },
        "type": "cond-expr",
        "locations": [
          {
            "start": {
              "line": 87,
              "column": 18
            },
            "end": {
              "line": 92,
              "column": 20
            }
          },
          {
            "start": {
              "line": 94,
              "column": 18
            },
            "end": {
              "line": 100,
              "column": 20
            }
          }
        ],
        "line": 86
      },
      "7": {
        "loc": {
          "start": {
            "line": 90,
            "column": 30
          },
          "end": {
            "line": 90,
            "column": 62
          }
        },
        "type": "cond-expr",
        "locations": [
          {
            "start": {
              "line": 90,
              "column": 39
            },
            "end": {
              "line": 90,
              "column": 55
            }
          },
          {
            "start": {
              "line": 90,
              "column": 58
            },
            "end": {
              "line": 90,
              "column": 62
            }
          }
        ],
        "line": 90
      },
      "8": {
        "loc": {
          "start": {
            "line": 96,
            "column": 30
          },
          "end": {
            "line": 96,
            "column": 62
          }
        },
        "type": "cond-expr",
        "locations": [
          {
            "start": {
              "line": 96,
              "column": 39
            },
            "end": {
              "line": 96,
              "column": 55
            }
          },
          {
            "start": {
              "line": 96,
              "column": 58
            },
            "end": {
              "line": 96,
              "column": 62
            }
          }
        ],
        "line": 96
      },
      "9": {
        "loc": {
          "start": {
            "line": 122,
            "column": 22
          },
          "end": {
            "line": 122,
            "column": 54
          }
        },
        "type": "cond-expr",
        "locations": [
          {
            "start": {
              "line": 122,
              "column": 31
            },
            "end": {
              "line": 122,
              "column": 47
            }
          },
          {
            "start": {
              "line": 122,
              "column": 50
            },
            "end": {
              "line": 122,
              "column": 54
            }
          }
        ],
        "line": 122
      },
      "10": {
        "loc": {
          "start": {
            "line": 131,
            "column": 7
          },
          "end": {
            "line": 246,
            "column": 7
          }
        },
        "type": "binary-expr",
        "locations": [
          {
            "start": {
              "line": 131,
              "column": 7
            },
            "end": {
              "line": 131,
              "column": 14
            }
          },
          {
            "start": {
              "line": 131,
              "column": 18
            },
            "end": {
              "line": 131,
              "column": 24
            }
          },
          {
            "start": {
              "line": 131,
              "column": 28
            },
            "end": {
              "line": 131,
              "column": 34
            }
          },
          {
            "start": {
              "line": 132,
              "column": 8
            },
            "end": {
              "line": 245,
              "column": 14
            }
          }
        ],
        "line": 131
      },
      "11": {
        "loc": {
          "start": {
            "line": 140,
            "column": 25
          },
          "end": {
            "line": 140,
            "column": 53
          }
        },
        "type": "cond-expr",
        "locations": [
          {
            "start": {
              "line": 140,
              "column": 38
            },
            "end": {
              "line": 140,
              "column": 44
            }
          },
          {
            "start": {
              "line": 140,
              "column": 47
            },
            "end": {
              "line": 140,
              "column": 53
            }
          }
        ],
        "line": 140
      }
    },
    "s": {
      "0": 40,
      "1": 288,
      "2": 288,
      "3": 125,
      "4": 288,
      "5": 288,
      "6": 0,
      "7": 288,
      "8": 288,
      "9": 288,
      "10": 75,
      "11": 288,
      "12": 78,
      "13": 0,
      "14": 40,
      "15": 40
    },
    "f": {
      "0": 288,
      "1": 125,
      "2": 0,
      "3": 75,
      "4": 78,
      "5": 0
    },
    "b": {
      "0": [288, 16, 0],
      "1": [0, 0],
      "2": [0, 0],
      "3": [288, 272, 272],
      "4": [75, 197],
      "5": [272, 272],
      "6": [272, 0],
      "7": [75, 197],
      "8": [0, 0],
      "9": [75, 197],
      "10": [288, 16, 16, 8],
      "11": [0, 8]
    },
    "_coverageSchema": "1a1c01bbd47fc00a2c39e90264f33305004495a9",
    "hash": "045f40175d5f19eb571055fc23a4e307d38fbf7b"
  },
  "/Users/nhulea/www/tag/src/components/TopNav/index.js": {
    "path": "/Users/nhulea/www/tag/src/components/TopNav/index.js",
    "statementMap": {},
    "fnMap": {},
    "branchMap": {},
    "s": {},
    "f": {},
    "b": {},
    "_coverageSchema": "1a1c01bbd47fc00a2c39e90264f33305004495a9",
    "hash": "ca89f2e1067c63a6dc0ac778e059d71a2bb53a77"
  },
  "/Users/nhulea/www/tag/src/components/seo.js": {
    "path": "/Users/nhulea/www/tag/src/components/seo.js",
    "statementMap": {
      "0": {
        "start": {
          "line": 6,
          "column": 12
        },
        "end": {
          "line": 171,
          "column": 1
        }
      },
      "1": {
        "start": {
          "line": 7,
          "column": 19
        },
        "end": {
          "line": 19,
          "column": 3
        }
      },
      "2": {
        "start": {
          "line": 21,
          "column": 26
        },
        "end": {
          "line": 21,
          "column": 70
        }
      },
      "3": {
        "start": {
          "line": 23,
          "column": 23
        },
        "end": {
          "line": 23,
          "column": 41
        }
      },
      "4": {
        "start": {
          "line": 25,
          "column": 20
        },
        "end": {
          "line": 25,
          "column": 41
        }
      },
      "5": {
        "start": {
          "line": 27,
          "column": 28
        },
        "end": {
          "line": 27,
          "column": 71
        }
      },
      "6": {
        "start": {
          "line": 29,
          "column": 21
        },
        "end": {
          "line": 29,
          "column": 66
        }
      },
      "7": {
        "start": {
          "line": 31,
          "column": 2
        },
        "end": {
          "line": 170,
          "column": 4
        }
      },
      "8": {
        "start": {
          "line": 173,
          "column": 0
        },
        "end": {
          "line": 181,
          "column": 2
        }
      },
      "9": {
        "start": {
          "line": 183,
          "column": 0
        },
        "end": {
          "line": 191,
          "column": 2
        }
      }
    },
    "fnMap": {
      "0": {
        "name": "(anonymous_0)",
        "decl": {
          "start": {
            "line": 6,
            "column": 12
          },
          "end": {
            "line": 6,
            "column": 13
          }
        },
        "loc": {
          "start": {
            "line": 6,
            "column": 78
          },
          "end": {
            "line": 171,
            "column": 1
          }
        },
        "line": 6
      }
    },
    "branchMap": {
      "0": {
        "loc": {
          "start": {
            "line": 21,
            "column": 26
          },
          "end": {
            "line": 21,
            "column": 70
          }
        },
        "type": "binary-expr",
        "locations": [
          {
            "start": {
              "line": 21,
              "column": 26
            },
            "end": {
              "line": 21,
              "column": 37
            }
          },
          {
            "start": {
              "line": 21,
              "column": 41
            },
            "end": {
              "line": 21,
              "column": 70
            }
          }
        ],
        "line": 21
      },
      "1": {
        "loc": {
          "start": {
            "line": 25,
            "column": 20
          },
          "end": {
            "line": 25,
            "column": 41
          }
        },
        "type": "binary-expr",
        "locations": [
          {
            "start": {
              "line": 25,
              "column": 20
            },
            "end": {
              "line": 25,
              "column": 25
            }
          },
          {
            "start": {
              "line": 25,
              "column": 29
            },
            "end": {
              "line": 25,
              "column": 41
            }
          }
        ],
        "line": 25
      },
      "2": {
        "loc": {
          "start": {
            "line": 29,
            "column": 21
          },
          "end": {
            "line": 29,
            "column": 66
          }
        },
        "type": "cond-expr",
        "locations": [
          {
            "start": {
              "line": 29,
              "column": 31
            },
            "end": {
              "line": 29,
              "column": 49
            }
          },
          {
            "start": {
              "line": 29,
              "column": 52
            },
            "end": {
              "line": 29,
              "column": 66
            }
          }
        ],
        "line": 29
      },
      "3": {
        "loc": {
          "start": {
            "line": 89,
            "column": 10
          },
          "end": {
            "line": 94,
            "column": 16
          }
        },
        "type": "cond-expr",
        "locations": [
          {
            "start": {
              "line": 90,
              "column": 14
            },
            "end": {
              "line": 93,
              "column": 15
            }
          },
          {
            "start": {
              "line": 94,
              "column": 14
            },
            "end": {
              "line": 94,
              "column": 16
            }
          }
        ],
        "line": 89
      }
    },
    "s": {
      "0": 40,
      "1": 186,
      "2": 186,
      "3": 186,
      "4": 186,
      "5": 186,
      "6": 186,
      "7": 186,
      "8": 40,
      "9": 40
    },
    "f": {
      "0": 186
    },
    "b": {
      "0": [186, 174],
      "1": [186, 186],
      "2": [17, 169],
      "3": [0, 186]
    },
    "_coverageSchema": "1a1c01bbd47fc00a2c39e90264f33305004495a9",
    "hash": "d324cf470bc2c5a193c2d48feb9a56bfb24cc687"
  },
  "/Users/nhulea/www/tag/src/components/FullWidthSection/FullWidthSection.js": {
    "path": "/Users/nhulea/www/tag/src/components/FullWidthSection/FullWidthSection.js",
    "statementMap": {
      "0": {
        "start": {
          "line": 6,
          "column": 20
        },
        "end": {
          "line": 6,
          "column": 41
        }
      },
      "1": {
        "start": {
          "line": 7,
          "column": 25
        },
        "end": {
          "line": 7,
          "column": 51
        }
      },
      "2": {
        "start": {
          "line": 9,
          "column": 26
        },
        "end": {
          "line": 9,
          "column": 60
        }
      },
      "3": {
        "start": {
          "line": 10,
          "column": 29
        },
        "end": {
          "line": 10,
          "column": 60
        }
      },
      "4": {
        "start": {
          "line": 11,
          "column": 26
        },
        "end": {
          "line": 11,
          "column": 49
        }
      },
      "5": {
        "start": {
          "line": 12,
          "column": 30
        },
        "end": {
          "line": 12,
          "column": 55
        }
      },
      "6": {
        "start": {
          "line": 13,
          "column": 31
        },
        "end": {
          "line": 13,
          "column": 52
        }
      },
      "7": {
        "start": {
          "line": 14,
          "column": 35
        },
        "end": {
          "line": 14,
          "column": 56
        }
      },
      "8": {
        "start": {
          "line": 18,
          "column": 21
        },
        "end": {
          "line": 18,
          "column": 45
        }
      },
      "9": {
        "start": {
          "line": 19,
          "column": 22
        },
        "end": {
          "line": 19,
          "column": 47
        }
      },
      "10": {
        "start": {
          "line": 20,
          "column": 25
        },
        "end": {
          "line": 20,
          "column": 50
        }
      },
      "11": {
        "start": {
          "line": 23,
          "column": 27
        },
        "end": {
          "line": 23,
          "column": 50
        }
      }
    },
    "fnMap": {
      "0": {
        "name": "(anonymous_0)",
        "decl": {
          "start": {
            "line": 6,
            "column": 11
          },
          "end": {
            "line": 6,
            "column": 12
          }
        },
        "loc": {
          "start": {
            "line": 6,
            "column": 20
          },
          "end": {
            "line": 6,
            "column": 41
          }
        },
        "line": 6
      },
      "1": {
        "name": "(anonymous_1)",
        "decl": {
          "start": {
            "line": 7,
            "column": 16
          },
          "end": {
            "line": 7,
            "column": 17
          }
        },
        "loc": {
          "start": {
            "line": 7,
            "column": 25
          },
          "end": {
            "line": 7,
            "column": 51
          }
        },
        "line": 7
      },
      "2": {
        "name": "(anonymous_2)",
        "decl": {
          "start": {
            "line": 9,
            "column": 17
          },
          "end": {
            "line": 9,
            "column": 18
          }
        },
        "loc": {
          "start": {
            "line": 9,
            "column": 26
          },
          "end": {
            "line": 9,
            "column": 60
          }
        },
        "line": 9
      },
      "3": {
        "name": "(anonymous_3)",
        "decl": {
          "start": {
            "line": 10,
            "column": 20
          },
          "end": {
            "line": 10,
            "column": 21
          }
        },
        "loc": {
          "start": {
            "line": 10,
            "column": 29
          },
          "end": {
            "line": 10,
            "column": 60
          }
        },
        "line": 10
      },
      "4": {
        "name": "(anonymous_4)",
        "decl": {
          "start": {
            "line": 11,
            "column": 17
          },
          "end": {
            "line": 11,
            "column": 18
          }
        },
        "loc": {
          "start": {
            "line": 11,
            "column": 26
          },
          "end": {
            "line": 11,
            "column": 49
          }
        },
        "line": 11
      },
      "5": {
        "name": "(anonymous_5)",
        "decl": {
          "start": {
            "line": 12,
            "column": 21
          },
          "end": {
            "line": 12,
            "column": 22
          }
        },
        "loc": {
          "start": {
            "line": 12,
            "column": 30
          },
          "end": {
            "line": 12,
            "column": 55
          }
        },
        "line": 12
      },
      "6": {
        "name": "(anonymous_6)",
        "decl": {
          "start": {
            "line": 13,
            "column": 22
          },
          "end": {
            "line": 13,
            "column": 23
          }
        },
        "loc": {
          "start": {
            "line": 13,
            "column": 31
          },
          "end": {
            "line": 13,
            "column": 52
          }
        },
        "line": 13
      },
      "7": {
        "name": "(anonymous_7)",
        "decl": {
          "start": {
            "line": 14,
            "column": 26
          },
          "end": {
            "line": 14,
            "column": 27
          }
        },
        "loc": {
          "start": {
            "line": 14,
            "column": 35
          },
          "end": {
            "line": 14,
            "column": 56
          }
        },
        "line": 14
      },
      "8": {
        "name": "(anonymous_8)",
        "decl": {
          "start": {
            "line": 18,
            "column": 12
          },
          "end": {
            "line": 18,
            "column": 13
          }
        },
        "loc": {
          "start": {
            "line": 18,
            "column": 21
          },
          "end": {
            "line": 18,
            "column": 45
          }
        },
        "line": 18
      },
      "9": {
        "name": "(anonymous_9)",
        "decl": {
          "start": {
            "line": 19,
            "column": 13
          },
          "end": {
            "line": 19,
            "column": 14
          }
        },
        "loc": {
          "start": {
            "line": 19,
            "column": 22
          },
          "end": {
            "line": 19,
            "column": 47
          }
        },
        "line": 19
      },
      "10": {
        "name": "(anonymous_10)",
        "decl": {
          "start": {
            "line": 20,
            "column": 16
          },
          "end": {
            "line": 20,
            "column": 17
          }
        },
        "loc": {
          "start": {
            "line": 20,
            "column": 25
          },
          "end": {
            "line": 20,
            "column": 50
          }
        },
        "line": 20
      },
      "11": {
        "name": "(anonymous_11)",
        "decl": {
          "start": {
            "line": 23,
            "column": 18
          },
          "end": {
            "line": 23,
            "column": 19
          }
        },
        "loc": {
          "start": {
            "line": 23,
            "column": 27
          },
          "end": {
            "line": 23,
            "column": 50
          }
        },
        "line": 23
      }
    },
    "branchMap": {
      "0": {
        "loc": {
          "start": {
            "line": 6,
            "column": 20
          },
          "end": {
            "line": 6,
            "column": 41
          }
        },
        "type": "binary-expr",
        "locations": [
          {
            "start": {
              "line": 6,
              "column": 20
            },
            "end": {
              "line": 6,
              "column": 31
            }
          },
          {
            "start": {
              "line": 6,
              "column": 35
            },
            "end": {
              "line": 6,
              "column": 41
            }
          }
        ],
        "line": 6
      },
      "1": {
        "loc": {
          "start": {
            "line": 7,
            "column": 25
          },
          "end": {
            "line": 7,
            "column": 51
          }
        },
        "type": "binary-expr",
        "locations": [
          {
            "start": {
              "line": 7,
              "column": 25
            },
            "end": {
              "line": 7,
              "column": 40
            }
          },
          {
            "start": {
              "line": 7,
              "column": 44
            },
            "end": {
              "line": 7,
              "column": 51
            }
          }
        ],
        "line": 7
      },
      "2": {
        "loc": {
          "start": {
            "line": 9,
            "column": 26
          },
          "end": {
            "line": 9,
            "column": 60
          }
        },
        "type": "binary-expr",
        "locations": [
          {
            "start": {
              "line": 9,
              "column": 26
            },
            "end": {
              "line": 9,
              "column": 42
            }
          },
          {
            "start": {
              "line": 9,
              "column": 46
            },
            "end": {
              "line": 9,
              "column": 60
            }
          }
        ],
        "line": 9
      },
      "3": {
        "loc": {
          "start": {
            "line": 10,
            "column": 29
          },
          "end": {
            "line": 10,
            "column": 60
          }
        },
        "type": "binary-expr",
        "locations": [
          {
            "start": {
              "line": 10,
              "column": 29
            },
            "end": {
              "line": 10,
              "column": 48
            }
          },
          {
            "start": {
              "line": 10,
              "column": 52
            },
            "end": {
              "line": 10,
              "column": 60
            }
          }
        ],
        "line": 10
      },
      "4": {
        "loc": {
          "start": {
            "line": 11,
            "column": 26
          },
          "end": {
            "line": 11,
            "column": 49
          }
        },
        "type": "binary-expr",
        "locations": [
          {
            "start": {
              "line": 11,
              "column": 26
            },
            "end": {
              "line": 11,
              "column": 37
            }
          },
          {
            "start": {
              "line": 11,
              "column": 41
            },
            "end": {
              "line": 11,
              "column": 49
            }
          }
        ],
        "line": 11
      },
      "5": {
        "loc": {
          "start": {
            "line": 12,
            "column": 30
          },
          "end": {
            "line": 12,
            "column": 55
          }
        },
        "type": "binary-expr",
        "locations": [
          {
            "start": {
              "line": 12,
              "column": 30
            },
            "end": {
              "line": 12,
              "column": 43
            }
          },
          {
            "start": {
              "line": 12,
              "column": 47
            },
            "end": {
              "line": 12,
              "column": 55
            }
          }
        ],
        "line": 12
      },
      "6": {
        "loc": {
          "start": {
            "line": 18,
            "column": 21
          },
          "end": {
            "line": 18,
            "column": 45
          }
        },
        "type": "binary-expr",
        "locations": [
          {
            "start": {
              "line": 18,
              "column": 21
            },
            "end": {
              "line": 18,
              "column": 33
            }
          },
          {
            "start": {
              "line": 18,
              "column": 37
            },
            "end": {
              "line": 18,
              "column": 45
            }
          }
        ],
        "line": 18
      },
      "7": {
        "loc": {
          "start": {
            "line": 19,
            "column": 22
          },
          "end": {
            "line": 19,
            "column": 47
          }
        },
        "type": "binary-expr",
        "locations": [
          {
            "start": {
              "line": 19,
              "column": 22
            },
            "end": {
              "line": 19,
              "column": 35
            }
          },
          {
            "start": {
              "line": 19,
              "column": 39
            },
            "end": {
              "line": 19,
              "column": 47
            }
          }
        ],
        "line": 19
      },
      "8": {
        "loc": {
          "start": {
            "line": 20,
            "column": 25
          },
          "end": {
            "line": 20,
            "column": 50
          }
        },
        "type": "binary-expr",
        "locations": [
          {
            "start": {
              "line": 20,
              "column": 25
            },
            "end": {
              "line": 20,
              "column": 40
            }
          },
          {
            "start": {
              "line": 20,
              "column": 44
            },
            "end": {
              "line": 20,
              "column": 50
            }
          }
        ],
        "line": 20
      },
      "9": {
        "loc": {
          "start": {
            "line": 23,
            "column": 27
          },
          "end": {
            "line": 23,
            "column": 50
          }
        },
        "type": "binary-expr",
        "locations": [
          {
            "start": {
              "line": 23,
              "column": 27
            },
            "end": {
              "line": 23,
              "column": 39
            }
          },
          {
            "start": {
              "line": 23,
              "column": 43
            },
            "end": {
              "line": 23,
              "column": 50
            }
          }
        ],
        "line": 23
      }
    },
    "s": {
      "0": 556,
      "1": 556,
      "2": 556,
      "3": 556,
      "4": 556,
      "5": 556,
      "6": 556,
      "7": 556,
      "8": 556,
      "9": 556,
      "10": 556,
      "11": 556
    },
    "f": {
      "0": 556,
      "1": 556,
      "2": 556,
      "3": 556,
      "4": 556,
      "5": 556,
      "6": 556,
      "7": 556,
      "8": 556,
      "9": 556,
      "10": 556,
      "11": 556
    },
    "b": {
      "0": [556, 556],
      "1": [556, 290],
      "2": [556, 556],
      "3": [556, 556],
      "4": [556, 554],
      "5": [556, 556],
      "6": [556, 556],
      "7": [556, 381],
      "8": [556, 411],
      "9": [556, 47]
    },
    "_coverageSchema": "1a1c01bbd47fc00a2c39e90264f33305004495a9",
    "hash": "528db5307e875ab04da83ac8d249ac91737ad624"
  },
  "/Users/nhulea/www/tag/src/components/FullWidthSection/index.js": {
    "path": "/Users/nhulea/www/tag/src/components/FullWidthSection/index.js",
    "statementMap": {},
    "fnMap": {},
    "branchMap": {},
    "s": {},
    "f": {},
    "b": {},
    "_coverageSchema": "1a1c01bbd47fc00a2c39e90264f33305004495a9",
    "hash": "799f745ac7c51b981496b40763b1f9d10d011299"
  },
  "/Users/nhulea/www/tag/src/components/Header/Header.js": {
    "path": "/Users/nhulea/www/tag/src/components/Header/Header.js",
    "statementMap": {
      "0": {
        "start": {
          "line": 44,
          "column": 15
        },
        "end": {
          "line": 357,
          "column": 1
        }
      },
      "1": {
        "start": {
          "line": 73,
          "column": 20
        },
        "end": {
          "line": 73,
          "column": 31
        }
      },
      "2": {
        "start": {
          "line": 74,
          "column": 34
        },
        "end": {
          "line": 74,
          "column": 49
        }
      },
      "3": {
        "start": {
          "line": 75,
          "column": 30
        },
        "end": {
          "line": 75,
          "column": 46
        }
      },
      "4": {
        "start": {
          "line": 76,
          "column": 28
        },
        "end": {
          "line": 100,
          "column": 3
        }
      },
      "5": {
        "start": {
          "line": 81,
          "column": 4
        },
        "end": {
          "line": 96,
          "column": 5
        }
      },
      "6": {
        "start": {
          "line": 83,
          "column": 6
        },
        "end": {
          "line": 85,
          "column": 8
        }
      },
      "7": {
        "start": {
          "line": 89,
          "column": 21
        },
        "end": {
          "line": 91,
          "column": 52
        }
[...]
          "column": 60
        }
      },
      "6": {
        "start": {
          "line": 34,
          "column": 20
        },
        "end": {
          "line": 36,
          "column": 3
        }
      },
      "7": {
        "start": {
          "line": 35,
          "column": 4
        },
        "end": {
          "line": 35,
          "column": 73
        }
      },
      "8": {
        "start": {
          "line": 37,
          "column": 2
        },
        "end": {
          "line": 53,
          "column": 4
        }
      },
      "9": {
        "start": {
          "line": 41,
          "column": 30
        },
        "end": {
          "line": 43,
          "column": 19
        }
      },
      "10": {
        "start": {
          "line": 44,
          "column": 26
        },
        "end": {
          "line": 44,
          "column": 51
        }
      },
      "11": {
        "start": {
          "line": 45,
          "column": 8
        },
        "end": {
          "line": 50,
          "column": 10
        }
      },
      "12": {
        "start": {
          "line": 56,
          "column": 0
        },
        "end": {
          "line": 59,
          "column": 2
        }
      }
    },
    "fnMap": {
      "0": {
        "name": "(anonymous_0)",
        "decl": {
          "start": {
            "line": 27,
            "column": 20
          },
          "end": {
            "line": 27,
            "column": 21
          }
        },
        "loc": {
          "start": {
            "line": 27,
            "column": 41
          },
          "end": {
            "line": 54,
            "column": 1
          }
        },
        "line": 27
      },
      "1": {
        "name": "(anonymous_1)",
        "decl": {
          "start": {
            "line": 33,
            "column": 34
          },
          "end": {
            "line": 33,
            "column": 35
          }
        },
        "loc": {
          "start": {
            "line": 33,
            "column": 42
          },
          "end": {
            "line": 33,
            "column": 60
          }
        },
        "line": 33
      },
      "2": {
        "name": "(anonymous_2)",
        "decl": {
          "start": {
            "line": 34,
            "column": 36
          },
          "end": {
            "line": 34,
            "column": 37
          }
        },
        "loc": {
          "start": {
            "line": 35,
            "column": 4
          },
          "end": {
            "line": 35,
            "column": 73
          }
        },
        "line": 35
      },
      "3": {
        "name": "(anonymous_3)",
        "decl": {
          "start": {
            "line": 39,
            "column": 22
          },
          "end": {
            "line": 39,
            "column": 23
          }
        },
        "loc": {
          "start": {
            "line": 39,
            "column": 30
          },
          "end": {
            "line": 51,
            "column": 7
          }
        },
        "line": 39
      }
    },
    "branchMap": {
      "0": {
        "loc": {
          "start": {
            "line": 28,
            "column": 2
          },
          "end": {
            "line": 32,
            "column": 3
          }
        },
        "type": "if",
        "locations": [
          {
            "start": {
              "line": 28,
              "column": 2
            },
            "end": {
              "line": 32,
              "column": 3
            }
          },
          {
            "start": {
              "line": 28,
              "column": 2
            },
            "end": {
              "line": 32,
              "column": 3
            }
          }
        ],
        "line": 28
      }
    },
    "s": {
      "0": 40,
      "1": 40,
      "2": 0,
      "3": 0,
      "4": 0,
      "5": 0,
      "6": 0,
      "7": 0,
      "8": 0,
      "9": 0,
      "10": 0,
      "11": 0,
      "12": 40
    },
    "f": {
      "0": 0,
      "1": 0,
      "2": 0,
      "3": 0
    },
    "b": {
      "0": [0, 0]
    },
    "_coverageSchema": "1a1c01bbd47fc00a2c39e90264f33305004495a9",
    "hash": "e2d51d19b8fcc6e26cd4490467f04dc6bc43109d"
  },
  "/Users/nhulea/www/tag/src/components/ContentBody/index.js": {
    "path": "/Users/nhulea/www/tag/src/components/ContentBody/index.js",
    "statementMap": {},
    "fnMap": {},
    "branchMap": {},
    "s": {},
    "f": {},
    "b": {},
    "_coverageSchema": "1a1c01bbd47fc00a2c39e90264f33305004495a9",
    "hash": "1ceee4ed77745bf127caabcdf05db57337bc2da2"
  },
  "/Users/nhulea/www/tag/src/templates/insights.js": {
    "path": "/Users/nhulea/www/tag/src/templates/insights.js",
    "statementMap": {
      "0": {
        "start": {
          "line": 16,
          "column": 17
        },
        "end": {
          "line": 89,
          "column": 1
        }
      },
      "1": {
        "start": {
          "line": 17,
          "column": 15
        },
        "end": {
          "line": 17,
          "column": 27
        }
      },
      "2": {
        "start": {
          "line": 19,
          "column": 19
        },
        "end": {
          "line": 19,
          "column": 59
        }
      },
      "3": {
        "start": {
          "line": 21,
          "column": 26
        },
        "end": {
          "line": 21,
          "column": 68
        }
      },
      "4": {
        "start": {
          "line": 22,
          "column": 23
        },
        "end": {
          "line": 28,
          "column": 3
        }
      },
      "5": {
        "start": {
          "line": 30,
          "column": 2
        },
        "end": {
          "line": 88,
          "column": 4
        }
      },
      "6": {
        "start": {
          "line": 91,
          "column": 0
        },
        "end": {
          "line": 93,
          "column": 2
        }
      },
      "7": {
        "start": {
          "line": 95,
          "column": 21
        },
        "end": {
          "line": 267,
          "column": 1
        }
      }
    },
    "fnMap": {
      "0": {
        "name": "(anonymous_0)",
        "decl": {
          "start": {
            "line": 16,
            "column": 17
          },
          "end": {
            "line": 16,
            "column": 18
          }
        },
        "loc": {
          "start": {
            "line": 16,
            "column": 31
          },
          "end": {
            "line": 89,
            "column": 1
          }
        },
        "line": 16
      }
    },
    "branchMap": {
      "0": {
        "loc": {
          "start": {
            "line": 19,
            "column": 19
          },
          "end": {
            "line": 19,
            "column": 59
          }
        },
        "type": "binary-expr",
        "locations": [
          {
            "start": {
              "line": 19,
              "column": 19
            },
            "end": {
              "line": 19,
              "column": 35
            }
          },
          {
            "start": {
              "line": 19,
              "column": 39
            },
            "end": {
              "line": 19,
              "column": 59
            }
          }
        ],
        "line": 19
      },
      "1": {
        "loc": {
          "start": {
            "line": 21,
            "column": 26
          },
          "end": {
            "line": 21,
            "column": 68
          }
        },
        "type": "binary-expr",
        "locations": [
          {
            "start": {
              "line": 21,
              "column": 26
            },
            "end": {
              "line": 21,
              "column": 42
            }
          },
          {
            "start": {
              "line": 21,
              "column": 46
            },
            "end": {
              "line": 21,
              "column": 68
            }
          }
        ],
        "line": 21
      },
      "2": {
        "loc": {
          "start": {
            "line": 37,
            "column": 15
          },
          "end": {
            "line": 37,
            "column": 47
          }
        },
        "type": "binary-expr",
        "locations": [
          {
            "start": {
              "line": 37,
              "column": 15
            },
            "end": {
              "line": 37,
              "column": 30
            }
          },
          {
            "start": {
              "line": 37,
              "column": 34
            },
            "end": {
              "line": 37,
              "column": 47
            }
          }
        ],
        "line": 37
      },
      "3": {
        "loc": {
          "start": {
            "line": 52,
            "column": 9
          },
          "end": {
            "line": 73,
            "column": 9
          }
        },
        "type": "binary-expr",
        "locations": [
          {
            "start": {
              "line": 52,
              "column": 9
            },
            "end": {
              "line": 52,
              "column": 39
            }
          },
          {
            "start": {
              "line": 53,
              "column": 10
            },
            "end": {
              "line": 72,
              "column": 12
            }
          }
        ],
        "line": 52
      }
    },
    "s": {
      "0": 40,
      "1": 0,
      "2": 0,
      "3": 0,
      "4": 0,
      "5": 0,
      "6": 40,
      "7": 40
    },
    "f": {
      "0": 0
    },
    "b": {
      "0": [0, 0],
      "1": [0, 0],
      "2": [0, 0],
      "3": [0, 0]
    },
    "_coverageSchema": "1a1c01bbd47fc00a2c39e90264f33305004495a9",
    "hash": "cb183041968458c4ed5268326178696a439bd013"
  },
  "/Users/nhulea/www/tag/src/templates/job.js": {
    "path": "/Users/nhulea/www/tag/src/templates/job.js",
    "statementMap": {
      "0": {
        "start": {
          "line": 10,
          "column": 12
        },
        "end": {
          "line": 79,
          "column": 1
        }
      },
      "1": {
        "start": {
          "line": 11,
          "column": 24
        },
        "end": {
          "line": 42,
          "column": 3
        }
      },
      "2": {
        "start": {
          "line": 44,
          "column": 2
        },
        "end": {
          "line": 78,
          "column": 4
        }
      },
      "3": {
        "start": {
          "line": 60,
          "column": 16
        },
        "end": {
          "line": 63,
          "column": 17
        }
      },
      "4": {
        "start": {
          "line": 81,
          "column": 0
        },
        "end": {
          "line": 83,
          "column": 2
        }
      }
    },
    "fnMap": {
      "0": {
        "name": "(anonymous_0)",
        "decl": {
          "start": {
            "line": 10,
            "column": 12
          },
          "end": {
            "line": 10,
            "column": 13
          }
        },
        "loc": {
          "start": {
            "line": 10,
            "column": 68
          },
          "end": {
            "line": 79,
            "column": 1
          }
        },
        "line": 10
      },
      "1": {
        "name": "(anonymous_1)",
        "decl": {
          "start": {
            "line": 59,
            "column": 23
          },
          "end": {
            "line": 59,
            "column": 24
          }
        },
        "loc": {
          "start": {
            "line": 60,
            "column": 16
          },
          "end": {
            "line": 63,
            "column": 17
          }
        },
        "line": 60
      }
    },
    "branchMap": {},
    "s": {
      "0": 40,
      "1": 0,
      "2": 0,
      "3": 0,
      "4": 40
    },
    "f": {
      "0": 0,
      "1": 0
    },
    "b": {},
    "_coverageSchema": "1a1c01bbd47fc00a2c39e90264f33305004495a9",
    "hash": "7eaa1b7126aef73fbc138d512235e877582f5c3a"
  },
  "/Users/nhulea/www/tag/src/templates/legacyInsights.js": {
    "path": "/Users/nhulea/www/tag/src/templates/legacyInsights.js",
    "statementMap": {
      "0": {
        "start": {
          "line": 9,
          "column": 23
        },
        "end": {
          "line": 64,
          "column": 1
        }
      },
      "1": {
        "start": {
          "line": 10,
          "column": 43
        },
        "end": {
          "line": 10,
          "column": 54
        }
      },
      "2": {
        "start": {
          "line": 12,
          "column": 25
        },
        "end": {
          "line": 15,
          "column": 3
        }
      },
      "3": {
        "start": {
          "line": 17,
          "column": 23
        },
        "end": {
          "line": 25,
          "column": 3
        }
      },
      "4": {
        "start": {
          "line": 27,
          "column": 2
        },
        "end": {
          "line": 63,
          "column": 4
        }
      },
      "5": {
        "start": {
          "line": 66,
          "column": 0
        },
        "end": {
          "line": 68,
          "column": 2
        }
      }
    },
    "fnMap": {
      "0": {
        "name": "(anonymous_0)",
        "decl": {
          "start": {
            "line": 9,
            "column": 23
          },
          "end": {
            "line": 9,
            "column": 24
          }
        },
        "loc": {
          "start": {
            "line": 9,
            "column": 44
          },
          "end": {
            "line": 64,
            "column": 1
          }
        },
        "line": 9
      }
    },
    "branchMap": {},
    "s": {
      "0": 40,
      "1": 0,
      "2": 0,
      "3": 0,
      "4": 0,
      "5": 40
    },
    "f": {
      "0": 0
    },
    "b": {},
    "_coverageSchema": "1a1c01bbd47fc00a2c39e90264f33305004495a9",
    "hash": "1f3917674ec918ffe03dddf4028ac0e539d8ff60"
  },
  "/Users/nhulea/www/tag/src/templates/studies.js": {
    "path": "/Users/nhulea/www/tag/src/templates/studies.js",
    "statementMap": {
      "0": {
        "start": {
          "line": 11,
          "column": 16
        },
        "end": {
          "line": 79,
          "column": 1
        }
      },
      "1": {
        "start": {
          "line": 12,
          "column": 15
        },
        "end": {
          "line": 12,
          "column": 29
        }
      },
      "2": {
        "start": {
          "line": 14,
          "column": 4
        },
        "end": {
          "line": 17,
          "column": 66
        }
      },
      "3": {
        "start": {
          "line": 19,
          "column": 26
        },
        "end": {
          "line": 19,
          "column": 68
        }
      },
      "4": {
        "start": {
          "line": 21,
          "column": 2
        },
        "end": {
          "line": 78,
          "column": 4
        }
      },
      "5": {
        "start": {
          "line": 32,
          "column": 56
        },
        "end": {
          "line": 32,
          "column": 64
        }
      },
      "6": {
        "start": {
          "line": 81,
          "column": 0
        },
        "end": {
          "line": 83,
          "column": 2
        }
      },
      "7": {
        "start": {
          "line": 85,
          "column": 21
        },
        "end": {
          "line": 289,
          "column": 1
        }
      }
    },
    "fnMap": {
      "0": {
        "name": "(anonymous_0)",
        "decl": {
          "start": {
            "line": 11,
            "column": 16
          },
          "end": {
            "line": 11,
            "column": 17
          }
        },
        "loc": {
          "start": {
            "line": 11,
            "column": 30
          },
          "end": {
            "line": 79,
            "column": 1
          }
        },
        "line": 11
      },
      "1": {
        "name": "(anonymous_1)",
        "decl": {
          "start": {
            "line": 32,
            "column": 49
          },
          "end": {
            "line": 32,
            "column": 50
          }
        },
        "loc": {
          "start": {
            "line": 32,
            "column": 56
          },
          "end": {
            "line": 32,
            "column": 64
          }
        },
        "line": 32
      }
    },
    "branchMap": {
      "0": {
        "loc": {
          "start": {
            "line": 14,
            "column": 4
          },
          "end": {
            "line": 17,
            "column": 66
          }
        },
        "type": "binary-expr",
        "locations": [
          {
            "start": {
              "line": 14,
              "column": 4
            },
            "end": {
              "line": 14,
              "column": 34
            }
          },
          {
            "start": {
              "line": 15,
              "column": 4
            },
            "end": {
              "line": 15,
              "column": 44
            }
          },
          {
            "start": {
              "line": 16,
              "column": 4
            },
            "end": {
              "line": 16,
              "column": 60
            }
          },
          {
            "start": {
              "line": 17,
              "column": 4
            },
            "end": {
              "line": 17,
              "column": 66
            }
          }
        ],
        "line": 14
      },
      "1": {
        "loc": {
          "start": {
            "line": 19,
            "column": 26
          },
          "end": {
            "line": 19,
            "column": 68
          }
        },
        "type": "binary-expr",
        "locations": [
          {
            "start": {
              "line": 19,
              "column": 26
            },
            "end": {
              "line": 19,
              "column": 42
            }
          },
          {
            "start": {
              "line": 19,
              "column": 46
            },
            "end": {
              "line": 19,
              "column": 68
            }
          }
        ],
        "line": 19
      },
      "2": {
        "loc": {
          "start": {
            "line": 28,
            "column": 15
          },
          "end": {
            "line": 28,
            "column": 47
          }
        },
        "type": "binary-expr",
        "locations": [
          {
            "start": {
              "line": 28,
              "column": 15
            },
            "end": {
              "line": 28,
              "column": 30
            }
          },
          {
            "start": {
              "line": 28,
              "column": 34
            },
            "end": {
              "line": 28,
              "column": 47
            }
          }
        ],
        "line": 28
      },
      "3": {
        "loc": {
          "start": {
            "line": 36,
            "column": 7
          },
          "end": {
            "line": 56,
            "column": 7
          }
        },
        "type": "binary-expr",
        "locations": [
          {
            "start": {
              "line": 36,
              "column": 7
            },
            "end": {
              "line": 36,
              "column": 15
            }
          },
          {
            "start": {
              "line": 37,
              "column": 8
            },
            "end": {
              "line": 55,
              "column": 10
            }
          }
        ],
        "line": 36
      }
    },
    "s": {
      "0": 40,
      "1": 0,
      "2": 0,
      "3": 0,
      "4": 0,
      "5": 0,
      "6": 40,
      "7": 40
    },
    "f": {
      "0": 0,
      "1": 0
    },
    "b": {
      "0": [0, 0, 0, 0],
      "1": [0, 0],
      "2": [0, 0],
      "3": [0, 0]
    },
    "_coverageSchema": "1a1c01bbd47fc00a2c39e90264f33305004495a9",
    "hash": "9892a03e1cb80fc44e93c8b66d14787c63240157"
  }
}
